<?xml version="1.0" encoding="UTF-8"?>
<coverage generated="1637528118978" clover="3.2.0">
  <project timestamp="1637528118978" name="All files">
    <metrics statements="216" coveredstatements="164" conditionals="126" coveredconditionals="89" methods="31" coveredmethods="16" elements="373" coveredelements="269" complexity="0" loc="216" ncloc="216" packages="1" files="10" classes="10"/>
    <file name="atbash.js" path="D:\JavaScript_learning\RS-School-NodeJS-4Q2\RS-School-NodeJS-4Q21-Private\atbash.js">
      <metrics statements="18" coveredstatements="18" conditionals="8" coveredconditionals="8" methods="1" coveredmethods="1"/>
      <line num="1" count="6" type="stmt"/>
      <line num="4" count="3" type="cond" truecount="2" falsecount="0"/>
      <line num="5" count="1" type="stmt"/>
      <line num="6" count="2" type="stmt"/>
      <line num="7" count="2" type="stmt"/>
      <line num="8" count="2" type="stmt"/>
      <line num="9" count="2" type="stmt"/>
      <line num="11" count="2" type="stmt"/>
      <line num="12" count="18" type="stmt"/>
      <line num="13" count="18" type="stmt"/>
      <line num="15" count="18" type="cond" truecount="4" falsecount="0"/>
      <line num="16" count="4" type="stmt"/>
      <line num="17" count="4" type="stmt"/>
      <line num="20" count="14" type="cond" truecount="2" falsecount="0"/>
      <line num="21" count="2" type="stmt"/>
      <line num="23" count="12" type="stmt"/>
      <line num="27" count="2" type="stmt"/>
      <line num="31" count="6" type="stmt"/>
    </file>
    <file name="caesarCipher.js" path="D:\JavaScript_learning\RS-School-NodeJS-4Q2\RS-School-NodeJS-4Q21-Private\caesarCipher.js">
      <metrics statements="27" coveredstatements="26" conditionals="16" coveredconditionals="15" methods="1" coveredmethods="1"/>
      <line num="1" count="6" type="stmt"/>
      <line num="2" count="6" type="stmt"/>
      <line num="4" count="6" type="stmt"/>
      <line num="5" count="3" type="cond" truecount="2" falsecount="0"/>
      <line num="6" count="1" type="stmt"/>
      <line num="10" count="2" type="stmt"/>
      <line num="11" count="2" type="stmt"/>
      <line num="12" count="2" type="stmt"/>
      <line num="13" count="2" type="stmt"/>
      <line num="14" count="2" type="stmt"/>
      <line num="15" count="18" type="stmt"/>
      <line num="16" count="18" type="stmt"/>
      <line num="19" count="18" type="cond" truecount="4" falsecount="0"/>
      <line num="20" count="3" type="stmt"/>
      <line num="21" count="3" type="stmt"/>
      <line num="23" count="15" type="cond" truecount="2" falsecount="0"/>
      <line num="24" count="9" type="stmt"/>
      <line num="26" count="15" type="cond" truecount="2" falsecount="0"/>
      <line num="27" count="6" type="stmt"/>
      <line num="29" count="15" type="cond" truecount="2" falsecount="0"/>
      <line num="30" count="6" type="stmt"/>
      <line num="32" count="15" type="cond" truecount="1" falsecount="1"/>
      <line num="33" count="0" type="stmt"/>
      <line num="35" count="15" type="cond" truecount="2" falsecount="0"/>
      <line num="36" count="4" type="stmt"/>
      <line num="38" count="11" type="stmt"/>
      <line num="41" count="2" type="stmt"/>
    </file>
    <file name="constants.js" path="D:\JavaScript_learning\RS-School-NodeJS-4Q2\RS-School-NodeJS-4Q21-Private\constants.js">
      <metrics statements="6" coveredstatements="6" conditionals="0" coveredconditionals="0" methods="0" coveredmethods="0"/>
      <line num="1" count="7" type="stmt"/>
      <line num="2" count="7" type="stmt"/>
      <line num="3" count="7" type="stmt"/>
      <line num="4" count="7" type="stmt"/>
      <line num="5" count="7" type="stmt"/>
      <line num="7" count="7" type="stmt"/>
    </file>
    <file name="error.js" path="D:\JavaScript_learning\RS-School-NodeJS-4Q2\RS-School-NodeJS-4Q21-Private\error.js">
      <metrics statements="17" coveredstatements="12" conditionals="4" coveredconditionals="2" methods="3" coveredmethods="2"/>
      <line num="3" count="24" type="stmt"/>
      <line num="4" count="24" type="stmt"/>
      <line num="5" count="24" type="stmt"/>
      <line num="11" count="0" type="stmt"/>
      <line num="12" count="0" type="stmt"/>
      <line num="13" count="0" type="stmt"/>
      <line num="17" count="10" type="stmt"/>
      <line num="18" count="2" type="stmt"/>
      <line num="20" count="2" type="cond" truecount="1" falsecount="1"/>
      <line num="22" count="2" type="stmt"/>
      <line num="23" count="2" type="stmt"/>
      <line num="25" count="2" type="cond" truecount="1" falsecount="1"/>
      <line num="27" count="0" type="stmt"/>
      <line num="28" count="0" type="stmt"/>
      <line num="30" count="2" type="stmt"/>
      <line num="31" count="2" type="stmt"/>
      <line num="35" count="10" type="stmt"/>
    </file>
    <file name="getCipherCollection.js" path="D:\JavaScript_learning\RS-School-NodeJS-4Q2\RS-School-NodeJS-4Q21-Private\getCipherCollection.js">
      <metrics statements="30" coveredstatements="28" conditionals="32" coveredconditionals="31" methods="4" coveredmethods="4"/>
      <line num="1" count="4" type="stmt"/>
      <line num="2" count="4" type="stmt"/>
      <line num="3" count="4" type="stmt"/>
      <line num="5" count="4" type="stmt"/>
      <line num="6" count="17" type="stmt"/>
      <line num="7" count="17" type="stmt"/>
      <line num="11" count="145" type="cond" truecount="7" falsecount="0"/>
      <line num="20" count="17" type="stmt"/>
      <line num="21" count="53" type="cond" truecount="2" falsecount="0"/>
      <line num="22" count="7" type="stmt"/>
      <line num="23" count="7" type="stmt"/>
      <line num="27" count="46" type="cond" truecount="2" falsecount="0"/>
      <line num="32" count="1" type="stmt"/>
      <line num="33" count="1" type="stmt"/>
      <line num="37" count="45" type="cond" truecount="3" falsecount="1"/>
      <line num="38" count="0" type="stmt"/>
      <line num="39" count="0" type="stmt"/>
      <line num="43" count="45" type="cond" truecount="4" falsecount="0"/>
      <line num="44" count="1" type="stmt"/>
      <line num="45" count="1" type="stmt"/>
      <line num="49" count="44" type="cond" truecount="4" falsecount="0"/>
      <line num="50" count="1" type="stmt"/>
      <line num="51" count="1" type="stmt"/>
      <line num="55" count="43" type="cond" truecount="4" falsecount="0"/>
      <line num="56" count="1" type="stmt"/>
      <line num="57" count="1" type="stmt"/>
      <line num="63" count="6" type="stmt"/>
      <line num="64" count="42" type="cond" truecount="2" falsecount="0"/>
      <line num="69" count="6" type="stmt"/>
      <line num="72" count="4" type="stmt"/>
    </file>
    <file name="getParams.js" path="D:\JavaScript_learning\RS-School-NodeJS-4Q2\RS-School-NodeJS-4Q21-Private\getParams.js">
      <metrics statements="31" coveredstatements="30" conditionals="32" coveredconditionals="30" methods="4" coveredmethods="4"/>
      <line num="1" count="4" type="stmt"/>
      <line num="6" count="4" type="stmt"/>
      <line num="7" count="38" type="stmt"/>
      <line num="12" count="38" type="stmt"/>
      <line num="13" count="183" type="cond" truecount="4" falsecount="0"/>
      <line num="16" count="38" type="stmt"/>
      <line num="17" count="183" type="cond" truecount="4" falsecount="0"/>
      <line num="20" count="38" type="stmt"/>
      <line num="21" count="183" type="cond" truecount="4" falsecount="0"/>
      <line num="24" count="38" type="cond" truecount="2" falsecount="0"/>
      <line num="25" count="3" type="stmt"/>
      <line num="27" count="35" type="cond" truecount="2" falsecount="0"/>
      <line num="28" count="7" type="stmt"/>
      <line num="30" count="28" type="cond" truecount="1" falsecount="1"/>
      <line num="31" count="28" type="stmt"/>
      <line num="37" count="28" type="cond" truecount="1" falsecount="1"/>
      <line num="38" count="0" type="stmt"/>
      <line num="40" count="28" type="cond" truecount="2" falsecount="0"/>
      <line num="41" count="1" type="stmt"/>
      <line num="43" count="27" type="cond" truecount="2" falsecount="0"/>
      <line num="44" count="25" type="stmt"/>
      <line num="47" count="27" type="cond" truecount="2" falsecount="0"/>
      <line num="49" count="2" type="stmt"/>
      <line num="51" count="27" type="cond" truecount="2" falsecount="0"/>
      <line num="52" count="1" type="stmt"/>
      <line num="54" count="26" type="cond" truecount="2" falsecount="0"/>
      <line num="55" count="19" type="stmt"/>
      <line num="57" count="26" type="cond" truecount="2" falsecount="0"/>
      <line num="58" count="7" type="stmt"/>
      <line num="61" count="26" type="stmt"/>
      <line num="64" count="4" type="stmt"/>
    </file>
    <file name="my_ciphering_cli.js" path="D:\JavaScript_learning\RS-School-NodeJS-4Q2\RS-School-NodeJS-4Q21-Private\my_ciphering_cli.js">
      <metrics statements="27" coveredstatements="24" conditionals="6" coveredconditionals="3" methods="2" coveredmethods="1"/>
      <line num="1" count="3" type="stmt"/>
      <line num="2" count="3" type="stmt"/>
      <line num="3" count="3" type="stmt"/>
      <line num="4" count="3" type="stmt"/>
      <line num="5" count="3" type="stmt"/>
      <line num="6" count="3" type="stmt"/>
      <line num="7" count="3" type="stmt"/>
      <line num="9" count="3" type="stmt"/>
      <line num="10" count="7" type="stmt"/>
      <line num="12" count="7" type="stmt"/>
      <line num="14" count="4" type="stmt"/>
      <line num="16" count="4" type="stmt"/>
      <line num="19" count="4" type="cond" truecount="1" falsecount="1"/>
      <line num="21" count="4" type="stmt"/>
      <line num="25" count="4" type="cond" truecount="2" falsecount="0"/>
      <line num="28" count="4" type="stmt"/>
      <line num="30" count="4" type="stmt"/>
      <line num="31" count="4" type="stmt"/>
      <line num="32" count="4" type="stmt"/>
      <line num="36" count="4" type="stmt"/>
      <line num="37" count="0" type="cond" truecount="0" falsecount="2"/>
      <line num="39" count="0" type="stmt"/>
      <line num="40" count="0" type="stmt"/>
      <line num="45" count="3" type="stmt"/>
      <line num="46" count="3" type="stmt"/>
      <line num="48" count="3" type="stmt"/>
      <line num="54" count="3" type="stmt"/>
    </file>
    <file name="readable.js" path="D:\JavaScript_learning\RS-School-NodeJS-4Q2\RS-School-NodeJS-4Q21-Private\readable.js">
      <metrics statements="21" coveredstatements="7" conditionals="12" coveredconditionals="0" methods="7" coveredmethods="1"/>
      <line num="1" count="4" type="stmt"/>
      <line num="2" count="4" type="stmt"/>
      <line num="3" count="4" type="stmt"/>
      <line num="7" count="6" type="stmt"/>
      <line num="8" count="6" type="stmt"/>
      <line num="9" count="6" type="stmt"/>
      <line num="12" count="0" type="stmt"/>
      <line num="13" count="0" type="cond" truecount="0" falsecount="2"/>
      <line num="14" count="0" type="stmt"/>
      <line num="16" count="0" type="stmt"/>
      <line num="17" count="0" type="stmt"/>
      <line num="22" count="0" type="stmt"/>
      <line num="23" count="0" type="stmt"/>
      <line num="24" count="0" type="cond" truecount="0" falsecount="2"/>
      <line num="25" count="0" type="stmt"/>
      <line num="27" count="0" type="cond" truecount="0" falsecount="2"/>
      <line num="32" count="0" type="cond" truecount="0" falsecount="2"/>
      <line num="33" count="0" type="cond" truecount="0" falsecount="2"/>
      <line num="34" count="0" type="cond" truecount="0" falsecount="2"/>
      <line num="36" count="0" type="stmt"/>
      <line num="41" count="4" type="stmt"/>
    </file>
    <file name="transform.js" path="D:\JavaScript_learning\RS-School-NodeJS-4Q2\RS-School-NodeJS-4Q21-Private\transform.js">
      <metrics statements="16" coveredstatements="7" conditionals="8" coveredconditionals="0" methods="2" coveredmethods="1"/>
      <line num="2" count="5" type="stmt"/>
      <line num="3" count="5" type="stmt"/>
      <line num="4" count="5" type="stmt"/>
      <line num="6" count="5" type="stmt"/>
      <line num="8" count="5" type="stmt"/>
      <line num="9" count="29" type="stmt"/>
      <line num="11" count="0" type="stmt"/>
      <line num="12" count="0" type="cond" truecount="0" falsecount="2"/>
      <line num="14" count="0" type="cond" truecount="0" falsecount="2"/>
      <line num="15" count="0" type="stmt"/>
      <line num="17" count="0" type="cond" truecount="0" falsecount="2"/>
      <line num="18" count="0" type="stmt"/>
      <line num="20" count="0" type="cond" truecount="0" falsecount="2"/>
      <line num="21" count="0" type="stmt"/>
      <line num="23" count="0" type="stmt"/>
      <line num="28" count="5" type="stmt"/>
    </file>
    <file name="writable.js" path="D:\JavaScript_learning\RS-School-NodeJS-4Q2\RS-School-NodeJS-4Q21-Private\writable.js">
      <metrics statements="23" coveredstatements="6" conditionals="8" coveredconditionals="0" methods="7" coveredmethods="1"/>
      <line num="1" count="3" type="stmt"/>
      <line num="2" count="3" type="stmt"/>
      <line num="3" count="3" type="stmt"/>
      <line num="7" count="5" type="stmt"/>
      <line num="8" count="5" type="stmt"/>
      <line num="20" count="0" type="stmt"/>
      <line num="21" count="0" type="cond" truecount="0" falsecount="2"/>
      <line num="22" count="0" type="stmt"/>
      <line num="23" count="0" type="cond" truecount="0" falsecount="2"/>
      <line num="24" count="0" type="stmt"/>
      <line num="26" count="0" type="stmt"/>
      <line num="27" count="0" type="stmt"/>
      <line num="31" count="0" type="stmt"/>
      <line num="32" count="0" type="stmt"/>
      <line num="35" count="0" type="stmt"/>
      <line num="36" count="0" type="stmt"/>
      <line num="41" count="0" type="stmt"/>
      <line num="45" count="0" type="stmt"/>
      <line num="46" count="0" type="stmt"/>
      <line num="50" count="0" type="cond" truecount="0" falsecount="2"/>
      <line num="51" count="0" type="cond" truecount="0" falsecount="2"/>
      <line num="53" count="0" type="stmt"/>
      <line num="58" count="3" type="stmt"/>
    </file>
  </project>
</coverage>
