{"D:\\JavaScript_learning\\RS-School-NodeJS-4Q2\\RS-School-NodeJS-4Q21-Private\\atbash.js": {"path":"D:\\JavaScript_learning\\RS-School-NodeJS-4Q2\\RS-School-NodeJS-4Q21-Private\\atbash.js","statementMap":{"0":{"start":{"line":1,"column":21},"end":{"line":1,"column":39}},"1":{"start":{"line":4,"column":2},"end":{"line":5,"column":72}},"2":{"start":{"line":5,"column":4},"end":{"line":5,"column":72}},"3":{"start":{"line":6,"column":23},"end":{"line":6,"column":40}},"4":{"start":{"line":7,"column":14},"end":{"line":7,"column":52}},"5":{"start":{"line":8,"column":14},"end":{"line":8,"column":62}},"6":{"start":{"line":9,"column":15},"end":{"line":9,"column":17}},"7":{"start":{"line":11,"column":2},"end":{"line":25,"column":3}},"8":{"start":{"line":11,"column":15},"end":{"line":11,"column":16}},"9":{"start":{"line":12,"column":24},"end":{"line":12,"column":39}},"10":{"start":{"line":13,"column":23},"end":{"line":13,"column":49}},"11":{"start":{"line":15,"column":4},"end":{"line":18,"column":5}},"12":{"start":{"line":16,"column":6},"end":{"line":16,"column":30}},"13":{"start":{"line":17,"column":6},"end":{"line":17,"column":15}},"14":{"start":{"line":20,"column":4},"end":{"line":24,"column":5}},"15":{"start":{"line":21,"column":6},"end":{"line":21,"column":48}},"16":{"start":{"line":23,"column":6},"end":{"line":23,"column":34}},"17":{"start":{"line":27,"column":2},"end":{"line":27,"column":16}},"18":{"start":{"line":31,"column":0},"end":{"line":31,"column":30}}},"fnMap":{"0":{"name":"atbashCipher","decl":{"start":{"line":3,"column":9},"end":{"line":3,"column":21}},"loc":{"start":{"line":3,"column":27},"end":{"line":28,"column":1}},"line":3}},"branchMap":{"0":{"loc":{"start":{"line":4,"column":2},"end":{"line":5,"column":72}},"type":"if","locations":[{"start":{"line":4,"column":2},"end":{"line":5,"column":72}},{"start":{},"end":{}}],"line":4},"1":{"loc":{"start":{"line":15,"column":4},"end":{"line":18,"column":5}},"type":"if","locations":[{"start":{"line":15,"column":4},"end":{"line":18,"column":5}},{"start":{},"end":{}}],"line":15},"2":{"loc":{"start":{"line":15,"column":8},"end":{"line":15,"column":52}},"type":"binary-expr","locations":[{"start":{"line":15,"column":8},"end":{"line":15,"column":29}},{"start":{"line":15,"column":33},"end":{"line":15,"column":52}}],"line":15},"3":{"loc":{"start":{"line":20,"column":4},"end":{"line":24,"column":5}},"type":"if","locations":[{"start":{"line":20,"column":4},"end":{"line":24,"column":5}},{"start":{"line":22,"column":11},"end":{"line":24,"column":5}}],"line":20}},"s":{"0":4,"1":3,"2":1,"3":2,"4":2,"5":2,"6":2,"7":2,"8":2,"9":18,"10":18,"11":18,"12":4,"13":4,"14":14,"15":2,"16":12,"17":2,"18":4},"f":{"0":3},"b":{"0":[1,2],"1":[4,14],"2":[18,16],"3":[2,12]},"_coverageSchema":"1a1c01bbd47fc00a2c39e90264f33305004495a9","hash":"a791a6fcb1d9eeb0bd6566188ebc9110addfc7c5"}
,"D:\\JavaScript_learning\\RS-School-NodeJS-4Q2\\RS-School-NodeJS-4Q21-Private\\caesarCipher.js": {"path":"D:\\JavaScript_learning\\RS-School-NodeJS-4Q2\\RS-School-NodeJS-4Q21-Private\\caesarCipher.js","statementMap":{"0":{"start":{"line":1,"column":27},"end":{"line":1,"column":49}},"1":{"start":{"line":2,"column":21},"end":{"line":2,"column":39}},"2":{"start":{"line":4,"column":0},"end":{"line":42,"column":2}},"3":{"start":{"line":5,"column":2},"end":{"line":8,"column":6}},"4":{"start":{"line":6,"column":4},"end":{"line":8,"column":6}},"5":{"start":{"line":10,"column":2},"end":{"line":10,"column":17}},"6":{"start":{"line":11,"column":23},"end":{"line":11,"column":40}},"7":{"start":{"line":12,"column":14},"end":{"line":12,"column":52}},"8":{"start":{"line":13,"column":15},"end":{"line":13,"column":17}},"9":{"start":{"line":14,"column":2},"end":{"line":40,"column":3}},"10":{"start":{"line":14,"column":15},"end":{"line":14,"column":16}},"11":{"start":{"line":15,"column":24},"end":{"line":15,"column":39}},"12":{"start":{"line":16,"column":23},"end":{"line":16,"column":49}},"13":{"start":{"line":19,"column":4},"end":{"line":22,"column":5}},"14":{"start":{"line":20,"column":6},"end":{"line":20,"column":30}},"15":{"start":{"line":21,"column":6},"end":{"line":21,"column":15}},"16":{"start":{"line":23,"column":4},"end":{"line":25,"column":5}},"17":{"start":{"line":24,"column":6},"end":{"line":24,"column":36}},"18":{"start":{"line":26,"column":4},"end":{"line":28,"column":5}},"19":{"start":{"line":27,"column":6},"end":{"line":27,"column":36}},"20":{"start":{"line":29,"column":4},"end":{"line":31,"column":5}},"21":{"start":{"line":30,"column":6},"end":{"line":30,"column":31}},"22":{"start":{"line":32,"column":4},"end":{"line":34,"column":5}},"23":{"start":{"line":33,"column":6},"end":{"line":33,"column":31}},"24":{"start":{"line":35,"column":4},"end":{"line":39,"column":5}},"25":{"start":{"line":36,"column":6},"end":{"line":36,"column":44}},"26":{"start":{"line":38,"column":6},"end":{"line":38,"column":30}},"27":{"start":{"line":41,"column":2},"end":{"line":41,"column":16}}},"fnMap":{"0":{"name":"caesarCipher","decl":{"start":{"line":4,"column":26},"end":{"line":4,"column":38}},"loc":{"start":{"line":4,"column":57},"end":{"line":42,"column":1}},"line":4}},"branchMap":{"0":{"loc":{"start":{"line":5,"column":2},"end":{"line":8,"column":6}},"type":"if","locations":[{"start":{"line":5,"column":2},"end":{"line":8,"column":6}},{"start":{},"end":{}}],"line":5},"1":{"loc":{"start":{"line":19,"column":4},"end":{"line":22,"column":5}},"type":"if","locations":[{"start":{"line":19,"column":4},"end":{"line":22,"column":5}},{"start":{},"end":{}}],"line":19},"2":{"loc":{"start":{"line":19,"column":8},"end":{"line":19,"column":52}},"type":"binary-expr","locations":[{"start":{"line":19,"column":8},"end":{"line":19,"column":29}},{"start":{"line":19,"column":33},"end":{"line":19,"column":52}}],"line":19},"3":{"loc":{"start":{"line":23,"column":4},"end":{"line":25,"column":5}},"type":"if","locations":[{"start":{"line":23,"column":4},"end":{"line":25,"column":5}},{"start":{},"end":{}}],"line":23},"4":{"loc":{"start":{"line":26,"column":4},"end":{"line":28,"column":5}},"type":"if","locations":[{"start":{"line":26,"column":4},"end":{"line":28,"column":5}},{"start":{},"end":{}}],"line":26},"5":{"loc":{"start":{"line":29,"column":4},"end":{"line":31,"column":5}},"type":"if","locations":[{"start":{"line":29,"column":4},"end":{"line":31,"column":5}},{"start":{},"end":{}}],"line":29},"6":{"loc":{"start":{"line":32,"column":4},"end":{"line":34,"column":5}},"type":"if","locations":[{"start":{"line":32,"column":4},"end":{"line":34,"column":5}},{"start":{},"end":{}}],"line":32},"7":{"loc":{"start":{"line":35,"column":4},"end":{"line":39,"column":5}},"type":"if","locations":[{"start":{"line":35,"column":4},"end":{"line":39,"column":5}},{"start":{"line":37,"column":11},"end":{"line":39,"column":5}}],"line":35}},"s":{"0":4,"1":4,"2":4,"3":3,"4":1,"5":2,"6":2,"7":2,"8":2,"9":2,"10":2,"11":18,"12":18,"13":18,"14":3,"15":3,"16":15,"17":9,"18":15,"19":6,"20":15,"21":6,"22":15,"23":0,"24":15,"25":4,"26":11,"27":2},"f":{"0":3},"b":{"0":[1,2],"1":[3,15],"2":[18,16],"3":[9,6],"4":[6,9],"5":[6,9],"6":[0,15],"7":[4,11]},"_coverageSchema":"1a1c01bbd47fc00a2c39e90264f33305004495a9","hash":"a0b392b7b06a2e4999d8727a1cb1e130e56351d5"}
,"D:\\JavaScript_learning\\RS-School-NodeJS-4Q2\\RS-School-NodeJS-4Q21-Private\\constants.js": {"path":"D:\\JavaScript_learning\\RS-School-NodeJS-4Q2\\RS-School-NodeJS-4Q21-Private\\constants.js","statementMap":{"0":{"start":{"line":1,"column":15},"end":{"line":1,"column":23}},"1":{"start":{"line":2,"column":15},"end":{"line":2,"column":23}},"2":{"start":{"line":3,"column":15},"end":{"line":3,"column":18}},"3":{"start":{"line":4,"column":13},"end":{"line":4,"column":16}},"4":{"start":{"line":5,"column":15},"end":{"line":5,"column":18}},"5":{"start":{"line":7,"column":0},"end":{"line":13,"column":2}}},"fnMap":{},"branchMap":{},"s":{"0":5,"1":5,"2":5,"3":5,"4":5,"5":5},"f":{},"b":{},"_coverageSchema":"1a1c01bbd47fc00a2c39e90264f33305004495a9","hash":"96d933a96fc980571bcc7afbde1a6ae341c24faf"}
,"D:\\JavaScript_learning\\RS-School-NodeJS-4Q2\\RS-School-NodeJS-4Q21-Private\\error.js": {"path":"D:\\JavaScript_learning\\RS-School-NodeJS-4Q2\\RS-School-NodeJS-4Q21-Private\\error.js","statementMap":{"0":{"start":{"line":3,"column":4},"end":{"line":3,"column":15}},"1":{"start":{"line":4,"column":4},"end":{"line":4,"column":33}},"2":{"start":{"line":5,"column":4},"end":{"line":5,"column":28}},"3":{"start":{"line":11,"column":4},"end":{"line":11,"column":15}},"4":{"start":{"line":12,"column":4},"end":{"line":12,"column":36}},"5":{"start":{"line":13,"column":4},"end":{"line":13,"column":29}},"6":{"start":{"line":17,"column":21},"end":{"line":32,"column":1}},"7":{"start":{"line":18,"column":40},"end":{"line":18,"column":43}},"8":{"start":{"line":20,"column":2},"end":{"line":31,"column":3}},"9":{"start":{"line":22,"column":4},"end":{"line":22,"column":57}},"10":{"start":{"line":23,"column":4},"end":{"line":23,"column":25}},"11":{"start":{"line":24,"column":9},"end":{"line":31,"column":3}},"12":{"start":{"line":26,"column":4},"end":{"line":26,"column":54}},"13":{"start":{"line":27,"column":4},"end":{"line":27,"column":25}},"14":{"start":{"line":29,"column":4},"end":{"line":29,"column":42}},"15":{"start":{"line":30,"column":4},"end":{"line":30,"column":25}},"16":{"start":{"line":34,"column":0},"end":{"line":34,"column":55}}},"fnMap":{"0":{"name":"(anonymous_0)","decl":{"start":{"line":2,"column":2},"end":{"line":2,"column":3}},"loc":{"start":{"line":2,"column":19},"end":{"line":6,"column":3}},"line":2},"1":{"name":"(anonymous_1)","decl":{"start":{"line":10,"column":2},"end":{"line":10,"column":3}},"loc":{"start":{"line":10,"column":19},"end":{"line":14,"column":3}},"line":10},"2":{"name":"(anonymous_2)","decl":{"start":{"line":17,"column":21},"end":{"line":17,"column":22}},"loc":{"start":{"line":17,"column":30},"end":{"line":32,"column":1}},"line":17}},"branchMap":{"0":{"loc":{"start":{"line":20,"column":2},"end":{"line":31,"column":3}},"type":"if","locations":[{"start":{"line":20,"column":2},"end":{"line":31,"column":3}},{"start":{"line":24,"column":9},"end":{"line":31,"column":3}}],"line":20},"1":{"loc":{"start":{"line":24,"column":9},"end":{"line":31,"column":3}},"type":"if","locations":[{"start":{"line":24,"column":9},"end":{"line":31,"column":3}},{"start":{"line":28,"column":9},"end":{"line":31,"column":3}}],"line":24}},"s":{"0":13,"1":13,"2":13,"3":0,"4":0,"5":0,"6":8,"7":2,"8":2,"9":2,"10":2,"11":0,"12":0,"13":0,"14":0,"15":0,"16":8},"f":{"0":13,"1":0,"2":2},"b":{"0":[2,0],"1":[0,0]},"_coverageSchema":"1a1c01bbd47fc00a2c39e90264f33305004495a9","hash":"23d67569c1a1379b19405bfe981d71ec8590a607"}
,"D:\\JavaScript_learning\\RS-School-NodeJS-4Q2\\RS-School-NodeJS-4Q21-Private\\getCipherCollection.js": {"path":"D:\\JavaScript_learning\\RS-School-NodeJS-4Q2\\RS-School-NodeJS-4Q21-Private\\getCipherCollection.js","statementMap":{"0":{"start":{"line":1,"column":27},"end":{"line":1,"column":49}},"1":{"start":{"line":2,"column":21},"end":{"line":2,"column":39}},"2":{"start":{"line":3,"column":33},"end":{"line":3,"column":55}},"3":{"start":{"line":5,"column":28},"end":{"line":70,"column":1}},"4":{"start":{"line":6,"column":28},"end":{"line":6,"column":51}},"5":{"start":{"line":7,"column":28},"end":{"line":18,"column":5}},"6":{"start":{"line":11,"column":8},"end":{"line":17,"column":17}},"7":{"start":{"line":20,"column":2},"end":{"line":61,"column":5}},"8":{"start":{"line":21,"column":4},"end":{"line":26,"column":5}},"9":{"start":{"line":22,"column":6},"end":{"line":22,"column":27}},"10":{"start":{"line":23,"column":6},"end":{"line":25,"column":8}},"11":{"start":{"line":27,"column":4},"end":{"line":36,"column":5}},"12":{"start":{"line":32,"column":6},"end":{"line":32,"column":27}},"13":{"start":{"line":33,"column":6},"end":{"line":35,"column":8}},"14":{"start":{"line":37,"column":4},"end":{"line":42,"column":5}},"15":{"start":{"line":38,"column":6},"end":{"line":38,"column":27}},"16":{"start":{"line":39,"column":6},"end":{"line":41,"column":8}},"17":{"start":{"line":43,"column":4},"end":{"line":48,"column":5}},"18":{"start":{"line":44,"column":6},"end":{"line":44,"column":27}},"19":{"start":{"line":45,"column":6},"end":{"line":47,"column":8}},"20":{"start":{"line":49,"column":4},"end":{"line":54,"column":5}},"21":{"start":{"line":50,"column":6},"end":{"line":50,"column":27}},"22":{"start":{"line":51,"column":6},"end":{"line":53,"column":8}},"23":{"start":{"line":55,"column":4},"end":{"line":60,"column":5}},"24":{"start":{"line":56,"column":6},"end":{"line":56,"column":27}},"25":{"start":{"line":57,"column":6},"end":{"line":59,"column":8}},"26":{"start":{"line":63,"column":27},"end":{"line":67,"column":3}},"27":{"start":{"line":64,"column":4},"end":{"line":66,"column":66}},"28":{"start":{"line":69,"column":2},"end":{"line":69,"column":26}},"29":{"start":{"line":72,"column":0},"end":{"line":72,"column":37}}},"fnMap":{"0":{"name":"(anonymous_0)","decl":{"start":{"line":5,"column":28},"end":{"line":5,"column":29}},"loc":{"start":{"line":5,"column":46},"end":{"line":70,"column":1}},"line":5},"1":{"name":"(anonymous_1)","decl":{"start":{"line":10,"column":6},"end":{"line":10,"column":7}},"loc":{"start":{"line":11,"column":8},"end":{"line":17,"column":17}},"line":11},"2":{"name":"(anonymous_2)","decl":{"start":{"line":20,"column":24},"end":{"line":20,"column":25}},"loc":{"start":{"line":20,"column":31},"end":{"line":61,"column":3}},"line":20},"3":{"name":"(anonymous_3)","decl":{"start":{"line":63,"column":49},"end":{"line":63,"column":50}},"loc":{"start":{"line":64,"column":4},"end":{"line":66,"column":66}},"line":64}},"branchMap":{"0":{"loc":{"start":{"line":11,"column":8},"end":{"line":17,"column":17}},"type":"binary-expr","locations":[{"start":{"line":11,"column":8},"end":{"line":11,"column":17}},{"start":{"line":12,"column":8},"end":{"line":12,"column":17}},{"start":{"line":13,"column":8},"end":{"line":13,"column":17}},{"start":{"line":14,"column":8},"end":{"line":14,"column":17}},{"start":{"line":15,"column":8},"end":{"line":15,"column":17}},{"start":{"line":16,"column":8},"end":{"line":16,"column":17}},{"start":{"line":17,"column":8},"end":{"line":17,"column":17}}],"line":11},"1":{"loc":{"start":{"line":21,"column":4},"end":{"line":26,"column":5}},"type":"if","locations":[{"start":{"line":21,"column":4},"end":{"line":26,"column":5}},{"start":{},"end":{}}],"line":21},"2":{"loc":{"start":{"line":27,"column":4},"end":{"line":36,"column":5}},"type":"if","locations":[{"start":{"line":27,"column":4},"end":{"line":36,"column":5}},{"start":{},"end":{}}],"line":27},"3":{"loc":{"start":{"line":28,"column":6},"end":{"line":30,"column":26}},"type":"binary-expr","locations":[{"start":{"line":28,"column":6},"end":{"line":28,"column":28}},{"start":{"line":29,"column":6},"end":{"line":29,"column":28}},{"start":{"line":30,"column":6},"end":{"line":30,"column":26}}],"line":28},"4":{"loc":{"start":{"line":37,"column":4},"end":{"line":42,"column":5}},"type":"if","locations":[{"start":{"line":37,"column":4},"end":{"line":42,"column":5}},{"start":{},"end":{}}],"line":37},"5":{"loc":{"start":{"line":37,"column":8},"end":{"line":37,"column":62}},"type":"binary-expr","locations":[{"start":{"line":37,"column":8},"end":{"line":37,"column":33}},{"start":{"line":37,"column":37},"end":{"line":37,"column":62}}],"line":37},"6":{"loc":{"start":{"line":43,"column":4},"end":{"line":48,"column":5}},"type":"if","locations":[{"start":{"line":43,"column":4},"end":{"line":48,"column":5}},{"start":{},"end":{}}],"line":43},"7":{"loc":{"start":{"line":43,"column":8},"end":{"line":43,"column":45}},"type":"binary-expr","locations":[{"start":{"line":43,"column":8},"end":{"line":43,"column":30}},{"start":{"line":43,"column":34},"end":{"line":43,"column":45}}],"line":43},"8":{"loc":{"start":{"line":49,"column":4},"end":{"line":54,"column":5}},"type":"if","locations":[{"start":{"line":49,"column":4},"end":{"line":54,"column":5}},{"start":{},"end":{}}],"line":49},"9":{"loc":{"start":{"line":49,"column":8},"end":{"line":49,"column":46}},"type":"binary-expr","locations":[{"start":{"line":49,"column":8},"end":{"line":49,"column":30}},{"start":{"line":49,"column":34},"end":{"line":49,"column":46}}],"line":49},"10":{"loc":{"start":{"line":55,"column":4},"end":{"line":60,"column":5}},"type":"if","locations":[{"start":{"line":55,"column":4},"end":{"line":60,"column":5}},{"start":{},"end":{}}],"line":55},"11":{"loc":{"start":{"line":55,"column":8},"end":{"line":55,"column":44}},"type":"binary-expr","locations":[{"start":{"line":55,"column":8},"end":{"line":55,"column":28}},{"start":{"line":55,"column":32},"end":{"line":55,"column":44}}],"line":55},"12":{"loc":{"start":{"line":64,"column":4},"end":{"line":66,"column":66}},"type":"cond-expr","locations":[{"start":{"line":65,"column":9},"end":{"line":65,"column":44}},{"start":{"line":66,"column":9},"end":{"line":66,"column":65}}],"line":64}},"s":{"0":3,"1":3,"2":3,"3":3,"4":9,"5":9,"6":122,"7":9,"8":42,"9":2,"10":2,"11":40,"12":1,"13":1,"14":39,"15":0,"16":0,"17":39,"18":1,"19":1,"20":38,"21":0,"22":0,"23":38,"24":0,"25":0,"26":5,"27":38,"28":5,"29":3},"f":{"0":9,"1":122,"2":42,"3":38},"b":{"0":[122,108,93,75,59,19,19],"1":[2,40],"2":[1,39],"3":[40,27,15],"4":[0,39],"5":[39,13],"6":[1,38],"7":[39,13],"8":[0,38],"9":[38,12],"10":[0,38],"11":[38,14],"12":[12,26]},"_coverageSchema":"1a1c01bbd47fc00a2c39e90264f33305004495a9","hash":"2e45d0669124f688351da87b37c5e192fa155db5"}
,"D:\\JavaScript_learning\\RS-School-NodeJS-4Q2\\RS-School-NodeJS-4Q21-Private\\getParams.js": {"path":"D:\\JavaScript_learning\\RS-School-NodeJS-4Q2\\RS-School-NodeJS-4Q21-Private\\getParams.js","statementMap":{"0":{"start":{"line":1,"column":21},"end":{"line":1,"column":39}},"1":{"start":{"line":6,"column":18},"end":{"line":65,"column":1}},"2":{"start":{"line":7,"column":17},"end":{"line":7,"column":43}},"3":{"start":{"line":12,"column":22},"end":{"line":14,"column":3}},"4":{"start":{"line":13,"column":4},"end":{"line":13,"column":45}},"5":{"start":{"line":16,"column":25},"end":{"line":18,"column":3}},"6":{"start":{"line":17,"column":4},"end":{"line":17,"column":44}},"7":{"start":{"line":20,"column":26},"end":{"line":22,"column":3}},"8":{"start":{"line":21,"column":4},"end":{"line":21,"column":45}},"9":{"start":{"line":24,"column":2},"end":{"line":26,"column":3}},"10":{"start":{"line":25,"column":4},"end":{"line":25,"column":66}},"11":{"start":{"line":27,"column":2},"end":{"line":29,"column":3}},"12":{"start":{"line":28,"column":4},"end":{"line":28,"column":52}},"13":{"start":{"line":30,"column":2},"end":{"line":32,"column":3}},"14":{"start":{"line":31,"column":4},"end":{"line":31,"column":60}},"15":{"start":{"line":37,"column":2},"end":{"line":39,"column":3}},"16":{"start":{"line":38,"column":4},"end":{"line":38,"column":59}},"17":{"start":{"line":40,"column":2},"end":{"line":42,"column":3}},"18":{"start":{"line":41,"column":4},"end":{"line":41,"column":75}},"19":{"start":{"line":43,"column":2},"end":{"line":46,"column":3}},"20":{"start":{"line":44,"column":4},"end":{"line":44,"column":62}},"21":{"start":{"line":47,"column":2},"end":{"line":50,"column":3}},"22":{"start":{"line":49,"column":4},"end":{"line":49,"column":21}},"23":{"start":{"line":51,"column":2},"end":{"line":53,"column":3}},"24":{"start":{"line":52,"column":4},"end":{"line":52,"column":76}},"25":{"start":{"line":54,"column":2},"end":{"line":58,"column":3}},"26":{"start":{"line":55,"column":4},"end":{"line":55,"column":64}},"27":{"start":{"line":59,"column":2},"end":{"line":62,"column":3}},"28":{"start":{"line":61,"column":4},"end":{"line":61,"column":22}},"29":{"start":{"line":64,"column":2},"end":{"line":64,"column":47}},"30":{"start":{"line":67,"column":0},"end":{"line":67,"column":27}}},"fnMap":{"0":{"name":"(anonymous_0)","decl":{"start":{"line":6,"column":18},"end":{"line":6,"column":19}},"loc":{"start":{"line":6,"column":28},"end":{"line":65,"column":1}},"line":6},"1":{"name":"(anonymous_1)","decl":{"start":{"line":12,"column":36},"end":{"line":12,"column":37}},"loc":{"start":{"line":13,"column":4},"end":{"line":13,"column":45}},"line":13},"2":{"name":"(anonymous_2)","decl":{"start":{"line":16,"column":39},"end":{"line":16,"column":40}},"loc":{"start":{"line":17,"column":4},"end":{"line":17,"column":44}},"line":17},"3":{"name":"(anonymous_3)","decl":{"start":{"line":20,"column":40},"end":{"line":20,"column":41}},"loc":{"start":{"line":21,"column":4},"end":{"line":21,"column":45}},"line":21}},"branchMap":{"0":{"loc":{"start":{"line":13,"column":4},"end":{"line":13,"column":45}},"type":"cond-expr","locations":[{"start":{"line":13,"column":37},"end":{"line":13,"column":38}},{"start":{"line":13,"column":41},"end":{"line":13,"column":45}}],"line":13},"1":{"loc":{"start":{"line":13,"column":4},"end":{"line":13,"column":34}},"type":"binary-expr","locations":[{"start":{"line":13,"column":4},"end":{"line":13,"column":14}},{"start":{"line":13,"column":18},"end":{"line":13,"column":34}}],"line":13},"2":{"loc":{"start":{"line":17,"column":4},"end":{"line":17,"column":44}},"type":"cond-expr","locations":[{"start":{"line":17,"column":36},"end":{"line":17,"column":37}},{"start":{"line":17,"column":40},"end":{"line":17,"column":44}}],"line":17},"3":{"loc":{"start":{"line":17,"column":4},"end":{"line":17,"column":33}},"type":"binary-expr","locations":[{"start":{"line":17,"column":4},"end":{"line":17,"column":14}},{"start":{"line":17,"column":18},"end":{"line":17,"column":33}}],"line":17},"4":{"loc":{"start":{"line":21,"column":4},"end":{"line":21,"column":45}},"type":"cond-expr","locations":[{"start":{"line":21,"column":37},"end":{"line":21,"column":38}},{"start":{"line":21,"column":41},"end":{"line":21,"column":45}}],"line":21},"5":{"loc":{"start":{"line":21,"column":4},"end":{"line":21,"column":34}},"type":"binary-expr","locations":[{"start":{"line":21,"column":4},"end":{"line":21,"column":14}},{"start":{"line":21,"column":18},"end":{"line":21,"column":34}}],"line":21},"6":{"loc":{"start":{"line":24,"column":2},"end":{"line":26,"column":3}},"type":"if","locations":[{"start":{"line":24,"column":2},"end":{"line":26,"column":3}},{"start":{},"end":{}}],"line":24},"7":{"loc":{"start":{"line":27,"column":2},"end":{"line":29,"column":3}},"type":"if","locations":[{"start":{"line":27,"column":2},"end":{"line":29,"column":3}},{"start":{},"end":{}}],"line":27},"8":{"loc":{"start":{"line":30,"column":2},"end":{"line":32,"column":3}},"type":"if","locations":[{"start":{"line":30,"column":2},"end":{"line":32,"column":3}},{"start":{},"end":{}}],"line":30},"9":{"loc":{"start":{"line":37,"column":2},"end":{"line":39,"column":3}},"type":"if","locations":[{"start":{"line":37,"column":2},"end":{"line":39,"column":3}},{"start":{},"end":{}}],"line":37},"10":{"loc":{"start":{"line":40,"column":2},"end":{"line":42,"column":3}},"type":"if","locations":[{"start":{"line":40,"column":2},"end":{"line":42,"column":3}},{"start":{},"end":{}}],"line":40},"11":{"loc":{"start":{"line":43,"column":2},"end":{"line":46,"column":3}},"type":"if","locations":[{"start":{"line":43,"column":2},"end":{"line":46,"column":3}},{"start":{},"end":{}}],"line":43},"12":{"loc":{"start":{"line":47,"column":2},"end":{"line":50,"column":3}},"type":"if","locations":[{"start":{"line":47,"column":2},"end":{"line":50,"column":3}},{"start":{},"end":{}}],"line":47},"13":{"loc":{"start":{"line":51,"column":2},"end":{"line":53,"column":3}},"type":"if","locations":[{"start":{"line":51,"column":2},"end":{"line":53,"column":3}},{"start":{},"end":{}}],"line":51},"14":{"loc":{"start":{"line":54,"column":2},"end":{"line":58,"column":3}},"type":"if","locations":[{"start":{"line":54,"column":2},"end":{"line":58,"column":3}},{"start":{},"end":{}}],"line":54},"15":{"loc":{"start":{"line":59,"column":2},"end":{"line":62,"column":3}},"type":"if","locations":[{"start":{"line":59,"column":2},"end":{"line":62,"column":3}},{"start":{},"end":{}}],"line":59}},"s":{"0":3,"1":3,"2":25,"3":25,"4":112,"5":25,"6":112,"7":25,"8":112,"9":25,"10":1,"11":24,"12":6,"13":18,"14":18,"15":18,"16":0,"17":18,"18":0,"19":18,"20":18,"21":18,"22":0,"23":18,"24":0,"25":18,"26":12,"27":18,"28":6,"29":18,"30":3},"f":{"0":25,"1":112,"2":112,"3":112},"b":{"0":[20,92],"1":[112,92],"2":[21,91],"3":[112,91],"4":[13,99],"5":[112,99],"6":[1,24],"7":[6,18],"8":[18,0],"9":[0,18],"10":[0,18],"11":[18,0],"12":[0,18],"13":[0,18],"14":[12,6],"15":[6,12]},"_coverageSchema":"1a1c01bbd47fc00a2c39e90264f33305004495a9","hash":"40badf7a2e02af6e42dd9ee577d7ef976157c7cd"}
,"D:\\JavaScript_learning\\RS-School-NodeJS-4Q2\\RS-School-NodeJS-4Q21-Private\\my_ciphering_cli.js": {"path":"D:\\JavaScript_learning\\RS-School-NodeJS-4Q2\\RS-School-NodeJS-4Q21-Private\\my_ciphering_cli.js","statementMap":{"0":{"start":{"line":1,"column":11},"end":{"line":1,"column":24}},"1":{"start":{"line":2,"column":21},"end":{"line":2,"column":38}},"2":{"start":{"line":3,"column":23},"end":{"line":3,"column":44}},"3":{"start":{"line":4,"column":23},"end":{"line":4,"column":44}},"4":{"start":{"line":5,"column":25},"end":{"line":5,"column":43}},"5":{"start":{"line":6,"column":18},"end":{"line":6,"column":40}},"6":{"start":{"line":7,"column":28},"end":{"line":7,"column":60}},"7":{"start":{"line":9,"column":21},"end":{"line":42,"column":1}},"8":{"start":{"line":10,"column":15},"end":{"line":10,"column":27}},"9":{"start":{"line":12,"column":23},"end":{"line":12,"column":49}},"10":{"start":{"line":14,"column":20},"end":{"line":14,"column":45}},"11":{"start":{"line":16,"column":21},"end":{"line":16,"column":47}},"12":{"start":{"line":19,"column":4},"end":{"line":19,"column":70}},"13":{"start":{"line":21,"column":2},"end":{"line":21,"column":33}},"14":{"start":{"line":25,"column":4},"end":{"line":25,"column":73}},"15":{"start":{"line":28,"column":22},"end":{"line":28,"column":55}},"16":{"start":{"line":30,"column":2},"end":{"line":30,"column":59}},"17":{"start":{"line":31,"column":2},"end":{"line":31,"column":55}},"18":{"start":{"line":32,"column":2},"end":{"line":32,"column":57}},"19":{"start":{"line":36,"column":2},"end":{"line":41,"column":5}},"20":{"start":{"line":37,"column":4},"end":{"line":40,"column":5}},"21":{"start":{"line":38,"column":6},"end":{"line":38,"column":44}},"22":{"start":{"line":39,"column":6},"end":{"line":39,"column":27}},"23":{"start":{"line":44,"column":0},"end":{"line":48,"column":1}},"24":{"start":{"line":45,"column":2},"end":{"line":45,"column":17}},"25":{"start":{"line":47,"column":2},"end":{"line":47,"column":20}},"26":{"start":{"line":53,"column":0},"end":{"line":53,"column":34}}},"fnMap":{"0":{"name":"(anonymous_0)","decl":{"start":{"line":9,"column":21},"end":{"line":9,"column":22}},"loc":{"start":{"line":9,"column":27},"end":{"line":42,"column":1}},"line":9},"1":{"name":"(anonymous_1)","decl":{"start":{"line":36,"column":52},"end":{"line":36,"column":53}},"loc":{"start":{"line":36,"column":61},"end":{"line":41,"column":3}},"line":36}},"branchMap":{"0":{"loc":{"start":{"line":19,"column":4},"end":{"line":19,"column":70}},"type":"cond-expr","locations":[{"start":{"line":19,"column":25},"end":{"line":19,"column":54}},{"start":{"line":19,"column":57},"end":{"line":19,"column":70}}],"line":19},"1":{"loc":{"start":{"line":25,"column":4},"end":{"line":25,"column":73}},"type":"cond-expr","locations":[{"start":{"line":25,"column":26},"end":{"line":25,"column":56}},{"start":{"line":25,"column":59},"end":{"line":25,"column":73}}],"line":25},"2":{"loc":{"start":{"line":37,"column":4},"end":{"line":40,"column":5}},"type":"if","locations":[{"start":{"line":37,"column":4},"end":{"line":40,"column":5}},{"start":{},"end":{}}],"line":37}},"s":{"0":2,"1":2,"2":2,"3":2,"4":2,"5":2,"6":2,"7":2,"8":5,"9":5,"10":3,"11":3,"12":3,"13":3,"14":3,"15":3,"16":3,"17":3,"18":3,"19":3,"20":0,"21":0,"22":0,"23":2,"24":2,"25":2,"26":2},"f":{"0":5,"1":0},"b":{"0":[3,0],"1":[2,1],"2":[0,0]},"_coverageSchema":"1a1c01bbd47fc00a2c39e90264f33305004495a9","hash":"3214eabac904621f88df0d21cd21db6a1d471582"}
,"D:\\JavaScript_learning\\RS-School-NodeJS-4Q2\\RS-School-NodeJS-4Q21-Private\\readable.js": {"path":"D:\\JavaScript_learning\\RS-School-NodeJS-4Q2\\RS-School-NodeJS-4Q21-Private\\readable.js","statementMap":{"0":{"start":{"line":1,"column":21},"end":{"line":1,"column":38}},"1":{"start":{"line":2,"column":11},"end":{"line":2,"column":24}},"2":{"start":{"line":3,"column":22},"end":{"line":3,"column":40}},"3":{"start":{"line":7,"column":4},"end":{"line":7,"column":12}},"4":{"start":{"line":8,"column":4},"end":{"line":8,"column":29}},"5":{"start":{"line":9,"column":4},"end":{"line":9,"column":19}},"6":{"start":{"line":12,"column":4},"end":{"line":19,"column":7}},"7":{"start":{"line":13,"column":6},"end":{"line":18,"column":7}},"8":{"start":{"line":14,"column":8},"end":{"line":14,"column":22}},"9":{"start":{"line":16,"column":8},"end":{"line":16,"column":21}},"10":{"start":{"line":17,"column":8},"end":{"line":17,"column":19}},"11":{"start":{"line":22,"column":16},"end":{"line":22,"column":31}},"12":{"start":{"line":23,"column":4},"end":{"line":29,"column":7}},"13":{"start":{"line":24,"column":6},"end":{"line":28,"column":7}},"14":{"start":{"line":25,"column":8},"end":{"line":25,"column":26}},"15":{"start":{"line":27,"column":8},"end":{"line":27,"column":66}},"16":{"start":{"line":32,"column":4},"end":{"line":32,"column":70}},"17":{"start":{"line":32,"column":13},"end":{"line":32,"column":70}},"18":{"start":{"line":33,"column":4},"end":{"line":37,"column":5}},"19":{"start":{"line":34,"column":6},"end":{"line":34,"column":53}},"20":{"start":{"line":34,"column":32},"end":{"line":34,"column":51}},"21":{"start":{"line":36,"column":6},"end":{"line":36,"column":20}},"22":{"start":{"line":41,"column":0},"end":{"line":41,"column":32}}},"fnMap":{"0":{"name":"(anonymous_0)","decl":{"start":{"line":6,"column":2},"end":{"line":6,"column":3}},"loc":{"start":{"line":6,"column":24},"end":{"line":10,"column":3}},"line":6},"1":{"name":"(anonymous_1)","decl":{"start":{"line":11,"column":2},"end":{"line":11,"column":3}},"loc":{"start":{"line":11,"column":23},"end":{"line":20,"column":3}},"line":11},"2":{"name":"(anonymous_2)","decl":{"start":{"line":12,"column":27},"end":{"line":12,"column":28}},"loc":{"start":{"line":12,"column":40},"end":{"line":19,"column":5}},"line":12},"3":{"name":"(anonymous_3)","decl":{"start":{"line":21,"column":2},"end":{"line":21,"column":3}},"loc":{"start":{"line":21,"column":11},"end":{"line":30,"column":3}},"line":21},"4":{"name":"(anonymous_4)","decl":{"start":{"line":23,"column":38},"end":{"line":23,"column":39}},"loc":{"start":{"line":23,"column":58},"end":{"line":29,"column":5}},"line":23},"5":{"name":"(anonymous_5)","decl":{"start":{"line":31,"column":2},"end":{"line":31,"column":3}},"loc":{"start":{"line":31,"column":26},"end":{"line":38,"column":3}},"line":31},"6":{"name":"(anonymous_6)","decl":{"start":{"line":34,"column":24},"end":{"line":34,"column":25}},"loc":{"start":{"line":34,"column":32},"end":{"line":34,"column":51}},"line":34}},"branchMap":{"0":{"loc":{"start":{"line":13,"column":6},"end":{"line":18,"column":7}},"type":"if","locations":[{"start":{"line":13,"column":6},"end":{"line":18,"column":7}},{"start":{"line":15,"column":13},"end":{"line":18,"column":7}}],"line":13},"1":{"loc":{"start":{"line":24,"column":6},"end":{"line":28,"column":7}},"type":"if","locations":[{"start":{"line":24,"column":6},"end":{"line":28,"column":7}},{"start":{"line":26,"column":13},"end":{"line":28,"column":7}}],"line":24},"2":{"loc":{"start":{"line":27,"column":18},"end":{"line":27,"column":64}},"type":"cond-expr","locations":[{"start":{"line":27,"column":34},"end":{"line":27,"column":57}},{"start":{"line":27,"column":60},"end":{"line":27,"column":64}}],"line":27},"3":{"loc":{"start":{"line":32,"column":4},"end":{"line":32,"column":70}},"type":"if","locations":[{"start":{"line":32,"column":4},"end":{"line":32,"column":70}},{"start":{},"end":{}}],"line":32},"4":{"loc":{"start":{"line":33,"column":4},"end":{"line":37,"column":5}},"type":"if","locations":[{"start":{"line":33,"column":4},"end":{"line":37,"column":5}},{"start":{"line":35,"column":11},"end":{"line":37,"column":5}}],"line":33},"5":{"loc":{"start":{"line":34,"column":41},"end":{"line":34,"column":50}},"type":"binary-expr","locations":[{"start":{"line":34,"column":41},"end":{"line":34,"column":43}},{"start":{"line":34,"column":47},"end":{"line":34,"column":50}}],"line":34}},"s":{"0":3,"1":3,"2":3,"3":5,"4":5,"5":5,"6":0,"7":0,"8":0,"9":0,"10":0,"11":0,"12":0,"13":0,"14":0,"15":0,"16":0,"17":0,"18":0,"19":0,"20":0,"21":0,"22":3},"f":{"0":5,"1":0,"2":0,"3":0,"4":0,"5":0,"6":0},"b":{"0":[0,0],"1":[0,0],"2":[0,0],"3":[0,0],"4":[0,0],"5":[0,0]},"_coverageSchema":"1a1c01bbd47fc00a2c39e90264f33305004495a9","hash":"89eb4985650dc05fed52cfc3b97659d34c07105a"}
,"D:\\JavaScript_learning\\RS-School-NodeJS-4Q2\\RS-School-NodeJS-4Q21-Private\\transform.js": {"path":"D:\\JavaScript_learning\\RS-School-NodeJS-4Q2\\RS-School-NodeJS-4Q21-Private\\transform.js","statementMap":{"0":{"start":{"line":2,"column":22},"end":{"line":2,"column":39}},"1":{"start":{"line":3,"column":21},"end":{"line":3,"column":46}},"2":{"start":{"line":4,"column":21},"end":{"line":4,"column":40}},"3":{"start":{"line":6,"column":49},"end":{"line":6,"column":71}},"4":{"start":{"line":8,"column":27},"end":{"line":26,"column":1}},"5":{"start":{"line":9,"column":2},"end":{"line":25,"column":5}},"6":{"start":{"line":11,"column":22},"end":{"line":11,"column":38}},"7":{"start":{"line":12,"column":23},"end":{"line":12,"column":51}},"8":{"start":{"line":14,"column":6},"end":{"line":16,"column":7}},"9":{"start":{"line":15,"column":8},"end":{"line":15,"column":55}},"10":{"start":{"line":17,"column":6},"end":{"line":19,"column":7}},"11":{"start":{"line":18,"column":8},"end":{"line":18,"column":55}},"12":{"start":{"line":20,"column":6},"end":{"line":22,"column":7}},"13":{"start":{"line":21,"column":8},"end":{"line":21,"column":42}},"14":{"start":{"line":23,"column":6},"end":{"line":23,"column":26}},"15":{"start":{"line":28,"column":0},"end":{"line":28,"column":36}}},"fnMap":{"0":{"name":"(anonymous_0)","decl":{"start":{"line":8,"column":27},"end":{"line":8,"column":28}},"loc":{"start":{"line":8,"column":45},"end":{"line":26,"column":1}},"line":8},"1":{"name":"(anonymous_1)","decl":{"start":{"line":10,"column":4},"end":{"line":10,"column":5}},"loc":{"start":{"line":10,"column":30},"end":{"line":24,"column":5}},"line":10}},"branchMap":{"0":{"loc":{"start":{"line":12,"column":23},"end":{"line":12,"column":51}},"type":"cond-expr","locations":[{"start":{"line":12,"column":36},"end":{"line":12,"column":42}},{"start":{"line":12,"column":45},"end":{"line":12,"column":51}}],"line":12},"1":{"loc":{"start":{"line":14,"column":6},"end":{"line":16,"column":7}},"type":"if","locations":[{"start":{"line":14,"column":6},"end":{"line":16,"column":7}},{"start":{},"end":{}}],"line":14},"2":{"loc":{"start":{"line":17,"column":6},"end":{"line":19,"column":7}},"type":"if","locations":[{"start":{"line":17,"column":6},"end":{"line":19,"column":7}},{"start":{},"end":{}}],"line":17},"3":{"loc":{"start":{"line":20,"column":6},"end":{"line":22,"column":7}},"type":"if","locations":[{"start":{"line":20,"column":6},"end":{"line":22,"column":7}},{"start":{},"end":{}}],"line":20}},"s":{"0":3,"1":3,"2":3,"3":3,"4":3,"5":24,"6":0,"7":0,"8":0,"9":0,"10":0,"11":0,"12":0,"13":0,"14":0,"15":3},"f":{"0":24,"1":0},"b":{"0":[0,0],"1":[0,0],"2":[0,0],"3":[0,0]},"_coverageSchema":"1a1c01bbd47fc00a2c39e90264f33305004495a9","hash":"0031b02cf0d41ea8595b63cc101c14cc29a92ae5"}
,"D:\\JavaScript_learning\\RS-School-NodeJS-4Q2\\RS-School-NodeJS-4Q21-Private\\writable.js": {"path":"D:\\JavaScript_learning\\RS-School-NodeJS-4Q2\\RS-School-NodeJS-4Q21-Private\\writable.js","statementMap":{"0":{"start":{"line":1,"column":21},"end":{"line":1,"column":38}},"1":{"start":{"line":2,"column":11},"end":{"line":2,"column":24}},"2":{"start":{"line":3,"column":36},"end":{"line":3,"column":54}},"3":{"start":{"line":7,"column":4},"end":{"line":7,"column":12}},"4":{"start":{"line":8,"column":4},"end":{"line":8,"column":29}},"5":{"start":{"line":20,"column":4},"end":{"line":37,"column":5}},"6":{"start":{"line":21,"column":6},"end":{"line":33,"column":7}},"7":{"start":{"line":22,"column":8},"end":{"line":29,"column":11}},"8":{"start":{"line":23,"column":10},"end":{"line":28,"column":11}},"9":{"start":{"line":24,"column":12},"end":{"line":24,"column":26}},"10":{"start":{"line":26,"column":12},"end":{"line":26,"column":25}},"11":{"start":{"line":27,"column":12},"end":{"line":27,"column":23}},"12":{"start":{"line":31,"column":8},"end":{"line":31,"column":29}},"13":{"start":{"line":32,"column":8},"end":{"line":32,"column":64}},"14":{"start":{"line":35,"column":6},"end":{"line":35,"column":24}},"15":{"start":{"line":36,"column":6},"end":{"line":36,"column":35}},"16":{"start":{"line":41,"column":4},"end":{"line":41,"column":46}},"17":{"start":{"line":45,"column":4},"end":{"line":45,"column":20}},"18":{"start":{"line":46,"column":4},"end":{"line":46,"column":9}},"19":{"start":{"line":50,"column":4},"end":{"line":54,"column":5}},"20":{"start":{"line":51,"column":6},"end":{"line":51,"column":53}},"21":{"start":{"line":51,"column":32},"end":{"line":51,"column":51}},"22":{"start":{"line":53,"column":6},"end":{"line":53,"column":20}},"23":{"start":{"line":58,"column":0},"end":{"line":58,"column":32}}},"fnMap":{"0":{"name":"(anonymous_0)","decl":{"start":{"line":6,"column":2},"end":{"line":6,"column":3}},"loc":{"start":{"line":6,"column":24},"end":{"line":9,"column":3}},"line":6},"1":{"name":"(anonymous_1)","decl":{"start":{"line":10,"column":2},"end":{"line":10,"column":3}},"loc":{"start":{"line":10,"column":23},"end":{"line":38,"column":3}},"line":10},"2":{"name":"(anonymous_2)","decl":{"start":{"line":22,"column":36},"end":{"line":22,"column":37}},"loc":{"start":{"line":22,"column":49},"end":{"line":29,"column":9}},"line":22},"3":{"name":"(anonymous_3)","decl":{"start":{"line":40,"column":2},"end":{"line":40,"column":3}},"loc":{"start":{"line":40,"column":36},"end":{"line":42,"column":3}},"line":40},"4":{"name":"(anonymous_4)","decl":{"start":{"line":44,"column":2},"end":{"line":44,"column":3}},"loc":{"start":{"line":44,"column":13},"end":{"line":47,"column":3}},"line":44},"5":{"name":"(anonymous_5)","decl":{"start":{"line":49,"column":2},"end":{"line":49,"column":3}},"loc":{"start":{"line":49,"column":26},"end":{"line":55,"column":3}},"line":49},"6":{"name":"(anonymous_6)","decl":{"start":{"line":51,"column":24},"end":{"line":51,"column":25}},"loc":{"start":{"line":51,"column":32},"end":{"line":51,"column":51}},"line":51}},"branchMap":{"0":{"loc":{"start":{"line":21,"column":6},"end":{"line":33,"column":7}},"type":"if","locations":[{"start":{"line":21,"column":6},"end":{"line":33,"column":7}},{"start":{"line":30,"column":13},"end":{"line":33,"column":7}}],"line":21},"1":{"loc":{"start":{"line":23,"column":10},"end":{"line":28,"column":11}},"type":"if","locations":[{"start":{"line":23,"column":10},"end":{"line":28,"column":11}},{"start":{"line":25,"column":17},"end":{"line":28,"column":11}}],"line":23},"2":{"loc":{"start":{"line":50,"column":4},"end":{"line":54,"column":5}},"type":"if","locations":[{"start":{"line":50,"column":4},"end":{"line":54,"column":5}},{"start":{"line":52,"column":11},"end":{"line":54,"column":5}}],"line":50},"3":{"loc":{"start":{"line":51,"column":41},"end":{"line":51,"column":50}},"type":"binary-expr","locations":[{"start":{"line":51,"column":41},"end":{"line":51,"column":43}},{"start":{"line":51,"column":47},"end":{"line":51,"column":50}}],"line":51}},"s":{"0":2,"1":2,"2":2,"3":3,"4":3,"5":0,"6":0,"7":0,"8":0,"9":0,"10":0,"11":0,"12":0,"13":0,"14":0,"15":0,"16":0,"17":0,"18":0,"19":0,"20":0,"21":0,"22":0,"23":2},"f":{"0":3,"1":0,"2":0,"3":0,"4":0,"5":0,"6":0},"b":{"0":[0,0],"1":[0,0],"2":[0,0],"3":[0,0]},"_coverageSchema":"1a1c01bbd47fc00a2c39e90264f33305004495a9","hash":"866c902c1fa39a075f9293ccbfea53be471353c4"}
}
