TN:
SF:atbash.js
FN:3,atbashCipher
FNF:1
FNH:0
FNDA:0,atbashCipher
DA:1,1
DA:4,0
DA:5,0
DA:6,0
DA:7,0
DA:8,0
DA:9,0
DA:11,0
DA:12,0
DA:13,0
DA:15,0
DA:16,0
DA:17,0
DA:20,0
DA:21,0
DA:23,0
DA:27,0
DA:31,1
LF:18
LH:2
BRDA:4,0,0,0
BRDA:4,0,1,0
BRDA:15,1,0,0
BRDA:15,1,1,0
BRDA:15,2,0,0
BRDA:15,2,1,0
BRDA:20,3,0,0
BRDA:20,3,1,0
BRF:8
BRH:0
end_of_record
TN:
SF:caesarCipher.js
FN:4,caesarCipher
FNF:1
FNH:0
FNDA:0,caesarCipher
DA:1,1
DA:2,1
DA:4,1
DA:5,0
DA:6,0
DA:10,0
DA:11,0
DA:12,0
DA:13,0
DA:14,0
DA:15,0
DA:16,0
DA:19,0
DA:20,0
DA:21,0
DA:23,0
DA:24,0
DA:26,0
DA:27,0
DA:29,0
DA:30,0
DA:32,0
DA:33,0
DA:35,0
DA:36,0
DA:38,0
DA:41,0
LF:27
LH:3
BRDA:5,0,0,0
BRDA:5,0,1,0
BRDA:19,1,0,0
BRDA:19,1,1,0
BRDA:19,2,0,0
BRDA:19,2,1,0
BRDA:23,3,0,0
BRDA:23,3,1,0
BRDA:26,4,0,0
BRDA:26,4,1,0
BRDA:29,5,0,0
BRDA:29,5,1,0
BRDA:32,6,0,0
BRDA:32,6,1,0
BRDA:35,7,0,0
BRDA:35,7,1,0
BRF:16
BRH:0
end_of_record
TN:
SF:constants.js
FNF:0
FNH:0
DA:1,1
DA:2,1
DA:3,1
DA:4,1
DA:5,1
DA:7,1
LF:6
LH:6
BRF:0
BRH:0
end_of_record
TN:
SF:error.js
FN:2,(anonymous_0)
FN:10,(anonymous_1)
FN:17,(anonymous_2)
FNF:3
FNH:2
FNDA:1,(anonymous_0)
FNDA:0,(anonymous_1)
FNDA:1,(anonymous_2)
DA:3,1
DA:4,1
DA:5,1
DA:11,0
DA:12,0
DA:13,0
DA:17,1
DA:18,1
DA:20,1
DA:22,1
DA:23,1
DA:24,0
DA:26,0
DA:27,0
DA:29,0
DA:30,0
DA:34,1
LF:17
LH:9
BRDA:20,0,0,1
BRDA:20,0,1,0
BRDA:24,1,0,0
BRDA:24,1,1,0
BRF:4
BRH:1
end_of_record
TN:
SF:getCipherCollection.js
FN:5,(anonymous_0)
FN:10,(anonymous_1)
FN:20,(anonymous_2)
FN:63,(anonymous_3)
FNF:4
FNH:4
FNDA:1,(anonymous_0)
FNDA:10,(anonymous_1)
FNDA:4,(anonymous_2)
FNDA:4,(anonymous_3)
DA:1,1
DA:2,1
DA:3,1
DA:5,1
DA:6,1
DA:7,1
DA:11,10
DA:20,1
DA:21,4
DA:22,0
DA:23,0
DA:27,4
DA:32,0
DA:33,0
DA:37,4
DA:38,0
DA:39,0
DA:43,4
DA:44,0
DA:45,0
DA:49,4
DA:50,0
DA:51,0
DA:55,4
DA:56,0
DA:57,0
DA:63,1
DA:64,4
DA:69,1
DA:72,1
LF:30
LH:18
BRDA:11,0,0,10
BRDA:11,0,1,8
BRDA:11,0,2,6
BRDA:11,0,3,5
BRDA:11,0,4,4
BRDA:11,0,5,1
BRDA:11,0,6,1
BRDA:21,1,0,0
BRDA:21,1,1,4
BRDA:27,2,0,0
BRDA:27,2,1,4
BRDA:28,3,0,4
BRDA:28,3,1,3
BRDA:28,3,2,1
BRDA:37,4,0,0
BRDA:37,4,1,4
BRDA:37,5,0,4
BRDA:37,5,1,2
BRDA:43,6,0,0
BRDA:43,6,1,4
BRDA:43,7,0,4
BRDA:43,7,1,1
BRDA:49,8,0,0
BRDA:49,8,1,4
BRDA:49,9,0,4
BRDA:49,9,1,2
BRDA:55,10,0,0
BRDA:55,10,1,4
BRDA:55,11,0,4
BRDA:55,11,1,1
BRDA:64,12,0,1
BRDA:64,12,1,3
BRF:32
BRH:26
end_of_record
TN:
SF:getParams.js
FN:6,(anonymous_0)
FN:12,(anonymous_1)
FN:16,(anonymous_2)
FN:20,(anonymous_3)
FNF:4
FNH:4
FNDA:7,(anonymous_0)
FNDA:38,(anonymous_1)
FNDA:38,(anonymous_2)
FNDA:38,(anonymous_3)
DA:1,1
DA:6,1
DA:7,7
DA:12,7
DA:13,38
DA:16,7
DA:17,38
DA:20,7
DA:21,38
DA:24,7
DA:25,0
DA:27,7
DA:28,1
DA:30,6
DA:31,6
DA:37,6
DA:38,0
DA:40,6
DA:41,0
DA:43,6
DA:44,6
DA:47,6
DA:49,0
DA:51,6
DA:52,0
DA:54,6
DA:55,6
DA:59,6
DA:61,0
DA:64,6
DA:67,1
LF:31
LH:25
BRDA:13,0,0,6
BRDA:13,0,1,32
BRDA:13,1,0,38
BRDA:13,1,1,32
BRDA:17,2,0,6
BRDA:17,2,1,32
BRDA:17,3,0,38
BRDA:17,3,1,32
BRDA:21,4,0,6
BRDA:21,4,1,32
BRDA:21,5,0,38
BRDA:21,5,1,32
BRDA:24,6,0,0
BRDA:24,6,1,7
BRDA:27,7,0,1
BRDA:27,7,1,6
BRDA:30,8,0,6
BRDA:30,8,1,0
BRDA:37,9,0,0
BRDA:37,9,1,6
BRDA:40,10,0,0
BRDA:40,10,1,6
BRDA:43,11,0,6
BRDA:43,11,1,0
BRDA:47,12,0,0
BRDA:47,12,1,6
BRDA:51,13,0,0
BRDA:51,13,1,6
BRDA:54,14,0,6
BRDA:54,14,1,0
BRDA:59,15,0,0
BRDA:59,15,1,6
BRF:32
BRH:23
end_of_record
TN:
SF:my_ciphering_cli.js
FN:10,(anonymous_0)
FN:37,(anonymous_1)
FNF:2
FNH:1
FNDA:2,(anonymous_0)
FNDA:0,(anonymous_1)
DA:1,1
DA:2,1
DA:3,1
DA:4,1
DA:6,1
DA:7,1
DA:8,1
DA:10,1
DA:11,2
DA:13,2
DA:15,1
DA:17,1
DA:20,1
DA:22,1
DA:26,1
DA:29,1
DA:31,1
DA:32,1
DA:33,1
DA:37,1
DA:38,0
DA:39,0
DA:40,0
DA:45,1
DA:46,1
DA:48,1
DA:54,1
LF:27
LH:24
BRDA:20,0,0,1
BRDA:20,0,1,0
BRDA:26,1,0,1
BRDA:26,1,1,0
BRDA:38,2,0,0
BRDA:38,2,1,0
BRF:6
BRH:2
end_of_record
TN:
SF:readable.js
FN:6,(anonymous_0)
FN:11,(anonymous_1)
FN:12,(anonymous_2)
FN:21,(anonymous_3)
FN:23,(anonymous_4)
FN:31,(anonymous_5)
FN:34,(anonymous_6)
FNF:7
FNH:1
FNDA:1,(anonymous_0)
FNDA:0,(anonymous_1)
FNDA:0,(anonymous_2)
FNDA:0,(anonymous_3)
FNDA:0,(anonymous_4)
FNDA:0,(anonymous_5)
FNDA:0,(anonymous_6)
DA:1,1
DA:2,1
DA:3,1
DA:7,1
DA:8,1
DA:9,1
DA:12,0
DA:13,0
DA:14,0
DA:16,0
DA:17,0
DA:22,0
DA:23,0
DA:24,0
DA:25,0
DA:27,0
DA:32,0
DA:33,0
DA:34,0
DA:36,0
DA:41,1
LF:21
LH:7
BRDA:13,0,0,0
BRDA:13,0,1,0
BRDA:24,1,0,0
BRDA:24,1,1,0
BRDA:27,2,0,0
BRDA:27,2,1,0
BRDA:32,3,0,0
BRDA:32,3,1,0
BRDA:33,4,0,0
BRDA:33,4,1,0
BRDA:34,5,0,0
BRDA:34,5,1,0
BRF:12
BRH:0
end_of_record
TN:
SF:transform.js
FN:8,(anonymous_0)
FN:10,(anonymous_1)
FNF:2
FNH:1
FNDA:4,(anonymous_0)
FNDA:0,(anonymous_1)
DA:2,1
DA:3,1
DA:4,1
DA:6,1
DA:8,1
DA:9,4
DA:11,0
DA:12,0
DA:14,0
DA:15,0
DA:17,0
DA:18,0
DA:20,0
DA:21,0
DA:23,0
DA:28,1
LF:16
LH:7
BRDA:12,0,0,0
BRDA:12,0,1,0
BRDA:14,1,0,0
BRDA:14,1,1,0
BRDA:17,2,0,0
BRDA:17,2,1,0
BRDA:20,3,0,0
BRDA:20,3,1,0
BRF:8
BRH:0
end_of_record
TN:
SF:writable.js
FN:6,(anonymous_0)
FN:10,(anonymous_1)
FN:22,(anonymous_2)
FN:40,(anonymous_3)
FN:44,(anonymous_4)
FN:49,(anonymous_5)
FN:51,(anonymous_6)
FNF:7
FNH:1
FNDA:1,(anonymous_0)
FNDA:0,(anonymous_1)
FNDA:0,(anonymous_2)
FNDA:0,(anonymous_3)
FNDA:0,(anonymous_4)
FNDA:0,(anonymous_5)
FNDA:0,(anonymous_6)
DA:1,1
DA:2,1
DA:3,1
DA:7,1
DA:8,1
DA:20,0
DA:21,0
DA:22,0
DA:23,0
DA:24,0
DA:26,0
DA:27,0
DA:31,0
DA:32,0
DA:35,0
DA:36,0
DA:41,0
DA:45,0
DA:46,0
DA:50,0
DA:51,0
DA:53,0
DA:58,1
LF:23
LH:6
BRDA:21,0,0,0
BRDA:21,0,1,0
BRDA:23,1,0,0
BRDA:23,1,1,0
BRDA:50,2,0,0
BRDA:50,2,1,0
BRDA:51,3,0,0
BRDA:51,3,1,0
BRF:8
BRH:0
end_of_record
