TN:
SF:atbash.js
FN:3,atbashCipher
FNF:1
FNH:1
FNDA:3,atbashCipher
DA:1,6
DA:4,3
DA:5,1
DA:6,2
DA:7,2
DA:8,2
DA:9,2
DA:11,2
DA:12,18
DA:13,18
DA:15,18
DA:16,4
DA:17,4
DA:20,14
DA:21,2
DA:23,12
DA:27,2
DA:31,6
LF:18
LH:18
BRDA:4,0,0,1
BRDA:4,0,1,2
BRDA:15,1,0,4
BRDA:15,1,1,14
BRDA:15,2,0,18
BRDA:15,2,1,16
BRDA:20,3,0,2
BRDA:20,3,1,12
BRF:8
BRH:8
end_of_record
TN:
SF:caesarCipher.js
FN:4,caesarCipher
FNF:1
FNH:1
FNDA:3,caesarCipher
DA:1,6
DA:2,6
DA:4,6
DA:5,3
DA:6,1
DA:10,2
DA:11,2
DA:12,2
DA:13,2
DA:14,2
DA:15,18
DA:16,18
DA:19,18
DA:20,3
DA:21,3
DA:23,15
DA:24,9
DA:26,15
DA:27,6
DA:29,15
DA:30,6
DA:32,15
DA:33,0
DA:35,15
DA:36,4
DA:38,11
DA:41,2
LF:27
LH:26
BRDA:5,0,0,1
BRDA:5,0,1,2
BRDA:19,1,0,3
BRDA:19,1,1,15
BRDA:19,2,0,18
BRDA:19,2,1,16
BRDA:23,3,0,9
BRDA:23,3,1,6
BRDA:26,4,0,6
BRDA:26,4,1,9
BRDA:29,5,0,6
BRDA:29,5,1,9
BRDA:32,6,0,0
BRDA:32,6,1,15
BRDA:35,7,0,4
BRDA:35,7,1,11
BRF:16
BRH:15
end_of_record
TN:
SF:constants.js
FNF:0
FNH:0
DA:1,7
DA:2,7
DA:3,7
DA:4,7
DA:5,7
DA:7,7
LF:6
LH:6
BRF:0
BRH:0
end_of_record
TN:
SF:error.js
FN:2,(anonymous_0)
FN:10,(anonymous_1)
FN:17,(anonymous_2)
FNF:3
FNH:2
FNDA:24,(anonymous_0)
FNDA:0,(anonymous_1)
FNDA:2,(anonymous_2)
DA:3,24
DA:4,24
DA:5,24
DA:11,0
DA:12,0
DA:13,0
DA:17,10
DA:18,2
DA:20,2
DA:22,2
DA:23,2
DA:25,2
DA:27,0
DA:28,0
DA:30,2
DA:31,2
DA:35,10
LF:17
LH:12
BRDA:20,0,0,2
BRDA:20,0,1,0
BRDA:25,1,0,0
BRDA:25,1,1,2
BRF:4
BRH:2
end_of_record
TN:
SF:getCipherCollection.js
FN:5,(anonymous_0)
FN:10,(anonymous_1)
FN:20,(anonymous_2)
FN:63,(anonymous_3)
FNF:4
FNH:4
FNDA:17,(anonymous_0)
FNDA:145,(anonymous_1)
FNDA:53,(anonymous_2)
FNDA:42,(anonymous_3)
DA:1,4
DA:2,4
DA:3,4
DA:5,4
DA:6,17
DA:7,17
DA:11,145
DA:20,17
DA:21,53
DA:22,7
DA:23,7
DA:27,46
DA:32,1
DA:33,1
DA:37,45
DA:38,0
DA:39,0
DA:43,45
DA:44,1
DA:45,1
DA:49,44
DA:50,1
DA:51,1
DA:55,43
DA:56,1
DA:57,1
DA:63,6
DA:64,42
DA:69,6
DA:72,4
LF:30
LH:28
BRDA:11,0,0,145
BRDA:11,0,1,126
BRDA:11,0,2,109
BRDA:11,0,3,87
BRDA:11,0,4,69
BRDA:11,0,5,26
BRDA:11,0,6,26
BRDA:21,1,0,7
BRDA:21,1,1,46
BRDA:27,2,0,1
BRDA:27,2,1,45
BRDA:28,3,0,46
BRDA:28,3,1,32
BRDA:28,3,2,17
BRDA:37,4,0,0
BRDA:37,4,1,45
BRDA:37,5,0,45
BRDA:37,5,1,15
BRDA:43,6,0,1
BRDA:43,6,1,44
BRDA:43,7,0,45
BRDA:43,7,1,14
BRDA:49,8,0,1
BRDA:49,8,1,43
BRDA:49,9,0,44
BRDA:49,9,1,15
BRDA:55,10,0,1
BRDA:55,10,1,42
BRDA:55,11,0,43
BRDA:55,11,1,16
BRDA:64,12,0,13
BRDA:64,12,1,29
BRF:32
BRH:31
end_of_record
TN:
SF:getParams.js
FN:6,(anonymous_0)
FN:12,(anonymous_1)
FN:16,(anonymous_2)
FN:20,(anonymous_3)
FNF:4
FNH:4
FNDA:38,(anonymous_0)
FNDA:183,(anonymous_1)
FNDA:183,(anonymous_2)
FNDA:183,(anonymous_3)
DA:1,4
DA:6,4
DA:7,38
DA:12,38
DA:13,183
DA:16,38
DA:17,183
DA:20,38
DA:21,183
DA:24,38
DA:25,3
DA:27,35
DA:28,7
DA:30,28
DA:31,28
DA:37,28
DA:38,0
DA:40,28
DA:41,1
DA:43,27
DA:44,25
DA:47,27
DA:49,2
DA:51,27
DA:52,1
DA:54,26
DA:55,19
DA:57,26
DA:58,7
DA:61,26
DA:64,4
LF:31
LH:30
BRDA:13,0,0,34
BRDA:13,0,1,149
BRDA:13,1,0,183
BRDA:13,1,1,150
BRDA:17,2,0,32
BRDA:17,2,1,151
BRDA:17,3,0,183
BRDA:17,3,1,151
BRDA:21,4,0,23
BRDA:21,4,1,160
BRDA:21,5,0,183
BRDA:21,5,1,160
BRDA:24,6,0,3
BRDA:24,6,1,35
BRDA:27,7,0,7
BRDA:27,7,1,28
BRDA:30,8,0,28
BRDA:30,8,1,0
BRDA:37,9,0,0
BRDA:37,9,1,28
BRDA:40,10,0,1
BRDA:40,10,1,27
BRDA:43,11,0,25
BRDA:43,11,1,2
BRDA:47,12,0,2
BRDA:47,12,1,25
BRDA:51,13,0,1
BRDA:51,13,1,26
BRDA:54,14,0,19
BRDA:54,14,1,7
BRDA:57,15,0,7
BRDA:57,15,1,19
BRF:32
BRH:30
end_of_record
TN:
SF:my_ciphering_cli.js
FN:9,(anonymous_0)
FN:36,(anonymous_1)
FNF:2
FNH:1
FNDA:7,(anonymous_0)
FNDA:0,(anonymous_1)
DA:1,3
DA:2,3
DA:3,3
DA:4,3
DA:5,3
DA:6,3
DA:7,3
DA:9,3
DA:10,7
DA:12,7
DA:14,4
DA:16,4
DA:19,4
DA:21,4
DA:25,4
DA:28,4
DA:30,4
DA:31,4
DA:32,4
DA:36,4
DA:37,0
DA:39,0
DA:40,0
DA:45,3
DA:46,3
DA:48,3
DA:54,3
LF:27
LH:24
BRDA:19,0,0,4
BRDA:19,0,1,0
BRDA:25,1,0,3
BRDA:25,1,1,1
BRDA:37,2,0,0
BRDA:37,2,1,0
BRF:6
BRH:3
end_of_record
TN:
SF:readable.js
FN:6,(anonymous_0)
FN:11,(anonymous_1)
FN:12,(anonymous_2)
FN:21,(anonymous_3)
FN:23,(anonymous_4)
FN:31,(anonymous_5)
FN:34,(anonymous_6)
FNF:7
FNH:1
FNDA:6,(anonymous_0)
FNDA:0,(anonymous_1)
FNDA:0,(anonymous_2)
FNDA:0,(anonymous_3)
FNDA:0,(anonymous_4)
FNDA:0,(anonymous_5)
FNDA:0,(anonymous_6)
DA:1,4
DA:2,4
DA:3,4
DA:7,6
DA:8,6
DA:9,6
DA:12,0
DA:13,0
DA:14,0
DA:16,0
DA:17,0
DA:22,0
DA:23,0
DA:24,0
DA:25,0
DA:27,0
DA:32,0
DA:33,0
DA:34,0
DA:36,0
DA:41,4
LF:21
LH:7
BRDA:13,0,0,0
BRDA:13,0,1,0
BRDA:24,1,0,0
BRDA:24,1,1,0
BRDA:27,2,0,0
BRDA:27,2,1,0
BRDA:32,3,0,0
BRDA:32,3,1,0
BRDA:33,4,0,0
BRDA:33,4,1,0
BRDA:34,5,0,0
BRDA:34,5,1,0
BRF:12
BRH:0
end_of_record
TN:
SF:transform.js
FN:8,(anonymous_0)
FN:10,(anonymous_1)
FNF:2
FNH:1
FNDA:29,(anonymous_0)
FNDA:0,(anonymous_1)
DA:2,5
DA:3,5
DA:4,5
DA:6,5
DA:8,5
DA:9,29
DA:11,0
DA:12,0
DA:14,0
DA:15,0
DA:17,0
DA:18,0
DA:20,0
DA:21,0
DA:23,0
DA:28,5
LF:16
LH:7
BRDA:12,0,0,0
BRDA:12,0,1,0
BRDA:14,1,0,0
BRDA:14,1,1,0
BRDA:17,2,0,0
BRDA:17,2,1,0
BRDA:20,3,0,0
BRDA:20,3,1,0
BRF:8
BRH:0
end_of_record
TN:
SF:writable.js
FN:6,(anonymous_0)
FN:10,(anonymous_1)
FN:22,(anonymous_2)
FN:40,(anonymous_3)
FN:44,(anonymous_4)
FN:49,(anonymous_5)
FN:51,(anonymous_6)
FNF:7
FNH:1
FNDA:5,(anonymous_0)
FNDA:0,(anonymous_1)
FNDA:0,(anonymous_2)
FNDA:0,(anonymous_3)
FNDA:0,(anonymous_4)
FNDA:0,(anonymous_5)
FNDA:0,(anonymous_6)
DA:1,3
DA:2,3
DA:3,3
DA:7,5
DA:8,5
DA:20,0
DA:21,0
DA:22,0
DA:23,0
DA:24,0
DA:26,0
DA:27,0
DA:31,0
DA:32,0
DA:35,0
DA:36,0
DA:41,0
DA:45,0
DA:46,0
DA:50,0
DA:51,0
DA:53,0
DA:58,3
LF:23
LH:6
BRDA:21,0,0,0
BRDA:21,0,1,0
BRDA:23,1,0,0
BRDA:23,1,1,0
BRDA:50,2,0,0
BRDA:50,2,1,0
BRDA:51,3,0,0
BRDA:51,3,1,0
BRF:8
BRH:0
end_of_record
